<?xml version="1.0" encoding="UTF-8"?>
<testsuite name="com.spring.hello.HelloApplicationTests" time="0.235" tests="1" errors="1" skipped="0" failures="0">
  <properties>
[...]
</properties>
  <testcase name="hello" classname="com.spring.hello.HelloApplicationTests" time="0.235">
    <error message="Request processing failed; nested exception is java.lang.NullPointerException" type="org.springframework.web.util.NestedServletException">org.springframework.web.util.NestedServletException: Request processing failed; nested exception is java.lang.NullPointerException
	at com.spring.hello.web.HelloController.index(HelloController.java:26)
	at sun.reflect.NativeMethodAccessorImpl.invoke0(Native Method)
	at sun.reflect.NativeMethodAccessorImpl.invoke(NativeMethodAccessorImpl.java:62)
	at sun.reflect.DelegatingMethodAccessorImpl.invoke(DelegatingMethodAccessorImpl.java:43)
	at java.lang.reflect.Method.invoke(Method.java:498)
	at org.springframework.web.method.support.InvocableHandlerMethod.doInvoke(InvocableHandlerMethod.java:205)
	at org.springframework.web.method.support.InvocableHandlerMethod.invokeForRequest(InvocableHandlerMethod.java:133)
	at org.springframework.web.servlet.mvc.method.annotation.ServletInvocableHandlerMethod.invokeAndHandle(ServletInvocableHandlerMethod.java:97)
	at org.springframework.web.servlet.mvc.method.annotation.RequestMappingHandlerAdapter.invokeHandlerMethod(RequestMappingHandlerAdapter.java:827)
	at org.springframework.web.servlet.mvc.method.annotation.RequestMappingHandlerAdapter.handleInternal(RequestMappingHandlerAdapter.java:738)
	at org.springframework.web.servlet.mvc.method.AbstractHandlerMethodAdapter.handle(AbstractHandlerMethodAdapter.java:85)
	at org.springframework.web.servlet.DispatcherServlet.doDispatch(DispatcherServlet.java:967)
	at org.springframework.web.servlet.DispatcherServlet.doService(DispatcherServlet.java:901)
	at org.springframework.web.servlet.FrameworkServlet.processRequest(FrameworkServlet.java:970)
	at org.springframework.web.servlet.FrameworkServlet.doGet(FrameworkServlet.java:861)
	at javax.servlet.http.HttpServlet.service(HttpServlet.java:635)
	at org.springframework.web.servlet.FrameworkServlet.service(FrameworkServlet.java:846)
	at org.springframework.test.web.servlet.TestDispatcherServlet.service(TestDispatcherServlet.java:65)
	at javax.servlet.http.HttpServlet.service(HttpServlet.java:742)
	at org.springframework.mock.web.MockFilterChain$ServletFilterProxy.doFilter(MockFilterChain.java:167)
	at org.springframework.mock.web.MockFilterChain.doFilter(MockFilterChain.java:134)
	at org.springframework.test.web.servlet.MockMvc.perform(MockMvc.java:155)
	at com.spring.hello.HelloApplicationTests.hello(HelloApplicationTests.java:28)
</error>
    <system-out><![CDATA[14:40:58.542 [main] DEBUG org.springframework.test.context.junit4.SpringJUnit4ClassRunner - SpringJUnit4ClassRunner constructor called with [class com.spring.hello.HelloApplicationTests]
14:40:58.558 [main] DEBUG org.springframework.test.context.BootstrapUtils - Instantiating CacheAwareContextLoaderDelegate from class [org.springframework.test.context.cache.DefaultCacheAwareContextLoaderDelegate]
14:40:58.573 [main] DEBUG org.springframework.test.context.BootstrapUtils - Instantiating BootstrapContext using constructor [public org.springframework.test.context.support.DefaultBootstrapContext(java.lang.Class,org.springframework.test.context.CacheAwareContextLoaderDelegate)]
14:40:58.589 [main] DEBUG org.springframework.test.context.BootstrapUtils - Instantiating TestContextBootstrapper for test class [com.spring.hello.HelloApplicationTests] from class [org.springframework.boot.test.context.SpringBootTestContextBootstrapper]
14:40:58.620 [main] INFO org.springframework.boot.test.context.SpringBootTestContextBootstrapper - Neither @ContextConfiguration nor @ContextHierarchy found for test class [com.spring.hello.HelloApplicationTests], using SpringBootContextLoader
14:40:58.620 [main] DEBUG org.springframework.test.context.support.AbstractContextLoader - Did not detect default resource location for test class [com.spring.hello.HelloApplicationTests]: class path resource [com/spring/hello/HelloApplicationTests-context.xml] does not exist
14:40:58.620 [main] DEBUG org.springframework.test.context.support.AbstractContextLoader - Did not detect default resource location for test class [com.spring.hello.HelloApplicationTests]: class path resource [com/spring/hello/HelloApplicationTestsContext.groovy] does not exist
14:40:58.620 [main] INFO org.springframework.test.context.support.AbstractContextLoader - Could not detect default resource locations for test class [com.spring.hello.HelloApplicationTests]: no resource found for suffixes {-context.xml, Context.groovy}.
14:40:58.683 [main] DEBUG org.springframework.test.context.support.ActiveProfilesUtils - Could not find an 'annotation declaring class' for annotation type [org.springframework.test.context.ActiveProfiles] and class [com.spring.hello.HelloApplicationTests]
14:40:58.714 [main] DEBUG org.springframework.boot.test.context.SpringBootTestContextBootstrapper - @TestExecutionListeners is not present for class [com.spring.hello.HelloApplicationTests]: using defaults.
14:40:58.730 [main] INFO org.springframework.boot.test.context.SpringBootTestContextBootstrapper - Loaded default TestExecutionListener class names from location [META-INF/spring.factories]: [org.springframework.boot.test.mock.mockito.MockitoTestExecutionListener, org.springframework.boot.test.mock.mockito.ResetMocksTestExecutionListener, org.springframework.boot.test.autoconfigure.restdocs.RestDocsTestExecutionListener, org.springframework.boot.test.autoconfigure.web.client.MockRestServiceServerResetTestExecutionListener, org.springframework.boot.test.autoconfigure.web.servlet.MockMvcPrintOnlyOnFailureTestExecutionListener, org.springframework.boot.test.autoconfigure.web.servlet.WebDriverTestExecutionListener, org.springframework.test.context.web.ServletTestExecutionListener, org.springframework.test.context.support.DirtiesContextBeforeModesTestExecutionListener, org.springframework.test.context.support.DependencyInjectionTestExecutionListener, org.springframework.test.context.support.DirtiesContextTestExecutionListener, org.springframework.test.context.transaction.TransactionalTestExecutionListener, org.springframework.test.context.jdbc.SqlScriptsTestExecutionListener]
14:40:58.761 [main] INFO org.springframework.boot.test.context.SpringBootTestContextBootstrapper - Could not instantiate TestExecutionListener [org.springframework.test.context.transaction.TransactionalTestExecutionListener]. Specify custom listener classes or make the default listener classes (and their required dependencies) available. Offending class: [org/springframework/transaction/interceptor/TransactionAttributeSource]
14:40:58.761 [main] INFO org.springframework.boot.test.context.SpringBootTestContextBootstrapper - Could not instantiate TestExecutionListener [org.springframework.test.context.jdbc.SqlScriptsTestExecutionListener]. Specify custom listener classes or make the default listener classes (and their required dependencies) available. Offending class: [org/springframework/transaction/interceptor/TransactionAttribute]
14:40:58.776 [main] INFO org.springframework.boot.test.context.SpringBootTestContextBootstrapper - Using TestExecutionListeners: [org.springframework.test.context.web.ServletTestExecutionListener@276438c9, org.springframework.test.context.support.DirtiesContextBeforeModesTestExecutionListener@588df31b, org.springframework.boot.test.autoconfigure.SpringBootDependencyInjectionTestExecutionListener@33b37288, org.springframework.test.context.support.DirtiesContextTestExecutionListener@77a57272, org.springframework.boot.test.autoconfigure.restdocs.RestDocsTestExecutionListener@7181ae3f, org.springframework.boot.test.mock.mockito.ResetMocksTestExecutionListener@46238e3f, org.springframework.boot.test.autoconfigure.web.servlet.WebDriverTestExecutionListener@6e2c9341, org.springframework.boot.test.autoconfigure.web.servlet.MockMvcPrintOnlyOnFailureTestExecutionListener@32464a14, org.springframework.boot.test.autoconfigure.web.client.MockRestServiceServerResetTestExecutionListener@4e4aea35, org.springframework.boot.test.mock.mockito.MockitoTestExecutionListener@1442d7b5]
14:40:58.776 [main] DEBUG org.springframework.test.annotation.ProfileValueUtils - Retrieved @ProfileValueSourceConfiguration [null] for test class [com.spring.hello.HelloApplicationTests]
14:40:58.776 [main] DEBUG org.springframework.test.annotation.ProfileValueUtils - Retrieved ProfileValueSource type [class org.springframework.test.annotation.SystemProfileValueSource] for class [com.spring.hello.HelloApplicationTests]
14:40:58.776 [main] DEBUG org.springframework.test.context.junit4.SpringJUnit4ClassRunner - SpringJUnit4ClassRunner constructor called with [class com.spring.hello.HelloApplicationTests]
14:40:58.776 [main] DEBUG org.springframework.test.context.BootstrapUtils - Instantiating CacheAwareContextLoaderDelegate from class [org.springframework.test.context.cache.DefaultCacheAwareContextLoaderDelegate]
14:40:58.776 [main] DEBUG org.springframework.test.context.BootstrapUtils - Instantiating BootstrapContext using constructor [public org.springframework.test.context.support.DefaultBootstrapContext(java.lang.Class,org.springframework.test.context.CacheAwareContextLoaderDelegate)]
14:40:58.776 [main] DEBUG org.springframework.test.context.BootstrapUtils - Instantiating TestContextBootstrapper for test class [com.spring.hello.HelloApplicationTests] from class [org.springframework.boot.test.context.SpringBootTestContextBootstrapper]
14:40:58.776 [main] INFO org.springframework.boot.test.context.SpringBootTestContextBootstrapper - Neither @ContextConfiguration nor @ContextHierarchy found for test class [com.spring.hello.HelloApplicationTests], using SpringBootContextLoader
14:40:58.776 [main] DEBUG org.springframework.test.context.support.AbstractContextLoader - Did not detect default resource location for test class [com.spring.hello.HelloApplicationTests]: class path resource [com/spring/hello/HelloApplicationTests-context.xml] does not exist
14:40:58.776 [main] DEBUG org.springframework.test.context.support.AbstractContextLoader - Did not detect default resource location for test class [com.spring.hello.HelloApplicationTests]: class path resource [com/spring/hello/HelloApplicationTestsContext.groovy] does not exist
14:40:58.776 [main] INFO org.springframework.test.context.support.AbstractContextLoader - Could not detect default resource locations for test class [com.spring.hello.HelloApplicationTests]: no resource found for suffixes {-context.xml, Context.groovy}.
14:40:58.792 [main] DEBUG org.springframework.test.context.support.ActiveProfilesUtils - Could not find an 'annotation declaring class' for annotation type [org.springframework.test.context.ActiveProfiles] and class [com.spring.hello.HelloApplicationTests]
14:40:58.792 [main] DEBUG org.springframework.boot.test.context.SpringBootTestContextBootstrapper - @TestExecutionListeners is not present for class [com.spring.hello.HelloApplicationTests]: using defaults.
14:40:58.808 [main] INFO org.springframework.boot.test.context.SpringBootTestContextBootstrapper - Loaded default TestExecutionListener class names from location [META-INF/spring.factories]: [org.springframework.boot.test.mock.mockito.MockitoTestExecutionListener, org.springframework.boot.test.mock.mockito.ResetMocksTestExecutionListener, org.springframework.boot.test.autoconfigure.restdocs.RestDocsTestExecutionListener, org.springframework.boot.test.autoconfigure.web.client.MockRestServiceServerResetTestExecutionListener, org.springframework.boot.test.autoconfigure.web.servlet.MockMvcPrintOnlyOnFailureTestExecutionListener, org.springframework.boot.test.autoconfigure.web.servlet.WebDriverTestExecutionListener, org.springframework.test.context.web.ServletTestExecutionListener, org.springframework.test.context.support.DirtiesContextBeforeModesTestExecutionListener, org.springframework.test.context.support.DependencyInjectionTestExecutionListener, org.springframework.test.context.support.DirtiesContextTestExecutionListener, org.springframework.test.context.transaction.TransactionalTestExecutionListener, org.springframework.test.context.jdbc.SqlScriptsTestExecutionListener]
14:40:58.808 [main] INFO org.springframework.boot.test.context.SpringBootTestContextBootstrapper - Could not instantiate TestExecutionListener [org.springframework.test.context.transaction.TransactionalTestExecutionListener]. Specify custom listener classes or make the default listener classes (and their required dependencies) available. Offending class: [org/springframework/transaction/interceptor/TransactionAttributeSource]
14:40:58.808 [main] INFO org.springframework.boot.test.context.SpringBootTestContextBootstrapper - Could not instantiate TestExecutionListener [org.springframework.test.context.jdbc.SqlScriptsTestExecutionListener]. Specify custom listener classes or make the default listener classes (and their required dependencies) available. Offending class: [org/springframework/transaction/interceptor/TransactionAttribute]
14:40:58.808 [main] INFO org.springframework.boot.test.context.SpringBootTestContextBootstrapper - Using TestExecutionListeners: [org.springframework.test.context.web.ServletTestExecutionListener@7fe8ea47, org.springframework.test.context.support.DirtiesContextBeforeModesTestExecutionListener@226a82c4, org.springframework.boot.test.autoconfigure.SpringBootDependencyInjectionTestExecutionListener@731f8236, org.springframework.test.context.support.DirtiesContextTestExecutionListener@255b53dc, org.springframework.boot.test.autoconfigure.restdocs.RestDocsTestExecutionListener@1dd92fe2, org.springframework.boot.test.mock.mockito.ResetMocksTestExecutionListener@6b53e23f, org.springframework.boot.test.autoconfigure.web.servlet.WebDriverTestExecutionListener@64d2d351, org.springframework.boot.test.autoconfigure.web.servlet.MockMvcPrintOnlyOnFailureTestExecutionListener@1b68b9a4, org.springframework.boot.test.autoconfigure.web.client.MockRestServiceServerResetTestExecutionListener@4f9a3314, org.springframework.boot.test.mock.mockito.MockitoTestExecutionListener@3b2c72c2]
14:40:58.808 [main] DEBUG org.springframework.test.annotation.ProfileValueUtils - Retrieved @ProfileValueSourceConfiguration [null] for test class [com.spring.hello.HelloApplicationTests]
14:40:58.808 [main] DEBUG org.springframework.test.annotation.ProfileValueUtils - Retrieved ProfileValueSource type [class org.springframework.test.annotation.SystemProfileValueSource] for class [com.spring.hello.HelloApplicationTests]
14:40:58.823 [main] DEBUG org.springframework.test.annotation.ProfileValueUtils - Retrieved @ProfileValueSourceConfiguration [null] for test class [com.spring.hello.HelloApplicationTests]
14:40:58.823 [main] DEBUG org.springframework.test.annotation.ProfileValueUtils - Retrieved ProfileValueSource type [class org.springframework.test.annotation.SystemProfileValueSource] for class [com.spring.hello.HelloApplicationTests]
14:40:58.823 [main] DEBUG org.springframework.test.context.support.AbstractDirtiesContextTestExecutionListener - Before test class: context [DefaultTestContext@77e9807f testClass = HelloApplicationTests, testInstance = [null], testMethod = [null], testException = [null], mergedContextConfiguration = [WebMergedContextConfiguration@448ff1a8 testClass = HelloApplicationTests, locations = '{}', classes = '{class com.spring.hello.HelloApplication, class com.spring.hello.HelloApplication}', contextInitializerClasses = '[]', activeProfiles = '{}', propertySourceLocations = '{}', propertySourceProperties = '{org.springframework.boot.test.context.SpringBootTestContextBootstrapper=true}', contextCustomizers = set[org.springframework.boot.test.context.SpringBootTestContextCustomizer@57e1b0c, org.springframework.boot.test.context.filter.ExcludeFilterContextCustomizer@305fd85d, org.springframework.boot.test.json.DuplicateJsonObjectContextCustomizerFactory$DuplicateJsonObjectContextCustomizer@34cd072c, org.springframework.boot.test.mock.mockito.MockitoContextCustomizer@0, org.springframework.boot.test.autoconfigure.properties.PropertyMappingContextCustomizer@0, org.springframework.boot.test.autoconfigure.web.servlet.WebDriverContextCustomizerFactory$Customizer@1a1d6a08], resourceBasePath = 'src/main/webapp', contextLoader = 'org.springframework.boot.test.context.SpringBootContextLoader', parent = [null]]], class annotated with @DirtiesContext [false] with mode [null].
14:40:58.823 [main] DEBUG org.springframework.test.annotation.ProfileValueUtils - Retrieved @ProfileValueSourceConfiguration [null] for test class [com.spring.hello.HelloApplicationTests]
14:40:58.823 [main] DEBUG org.springframework.test.annotation.ProfileValueUtils - Retrieved ProfileValueSource type [class org.springframework.test.annotation.SystemProfileValueSource] for class [com.spring.hello.HelloApplicationTests]
14:40:58.964 [main] DEBUG org.springframework.core.env.StandardEnvironment - Adding PropertySource 'systemProperties' with lowest search precedence
14:40:58.964 [main] DEBUG org.springframework.core.env.StandardEnvironment - Adding PropertySource 'systemEnvironment' with lowest search precedence
14:40:58.964 [main] DEBUG org.springframework.core.env.StandardEnvironment - Initialized StandardEnvironment with PropertySources [MapPropertySource@178049969 {name='systemProperties', properties={idea.version=2016.2.4, java.runtime.name=Java(TM) SE Runtime Environment, sun.boot.library.path=D:\Java\jdk1.8.0_121\jre\bin, java.vm.version=25.121-b13, java.vm.vendor=Oracle Corporation, java.vendor.url=http://java.oracle.com/, path.separator=;, java.vm.name=Java HotSpot(TM) 64-Bit Server VM, file.encoding.pkg=sun.io, user.country=CN, user.script=, sun.java.launcher=SUN_STANDARD, sun.os.patch.level=, java.vm.specification.name=Java Virtual Machine Specification, user.dir=D:\workspace\springcloud\hello, java.runtime.version=1.8.0_121-b13, basedir=D:\workspace\springcloud\hello, java.awt.graphicsenv=sun.awt.Win32GraphicsEnvironment, java.endorsed.dirs=D:\Java\jdk1.8.0_121\jre\lib\endorsed, os.arch=amd64, surefire.real.class.path=D:\workspace\springcloud\hello\target\surefire\surefirebooter984111135059838619.jar, java.io.tmpdir=C:\Users\chuan\AppData\Local\Temp\, line.separator=
, java.vm.specification.vendor=Oracle Corporation, user.variant=, os.name=Windows 10, sun.jnu.encoding=GBK, java.library.path=D:\Java\jdk1.8.0_121\jre\bin;C:\WINDOWS\Sun\Java\bin;C:\WINDOWS\system32;C:\WINDOWS;e:\oracle\product\11.2.0\dbhome_1\bin;C:\Program Files (x86)\Common Files\NetSarang;C:\ProgramData\Oracle\Java\javapath;C:\Windows\system32;C:\Windows;C:\Windows\System32\Wbem;C:\Windows\System32\WindowsPowerShell\v1.0\;C:\Program Files (x86)\NVIDIA Corporation\PhysX\Common;C:\Program Files\Intel\WiFi\bin\;C:\Program Files\Common Files\Intel\WirelessCommon\;C:\Program Files\Redis\;C:\Program Files\nodejs\;C:\Program Files\Git\cmd;C:\WINDOWS\system32;C:\WINDOWS;C:\WINDOWS\System32\Wbem;C:\WINDOWS\System32\WindowsPowerShell\v1.0\;C:\Program Files\TortoiseSVN\bin;C:\Program Files\MySQL\MySQL Server 5.5\bin;C:\Program Files\Java\jdk1.8.0_121\bin;C:\Program Files\Java\jdk1.8.0_121\jre\bin;D:\maven\apache-maven-3.3.9/bin;C:\Users\chuan\AppData\Roaming\npm;C:\Program Files (x86)\Microsoft VS Code\bin;., surefire.test.class.path=D:\workspace\springcloud\hello\target\test-classes;D:\workspace\springcloud\hello\target\classes;D:\maven\loozb\org\springframework\boot\spring-boot-starter\1.5.7.RELEASE\spring-boot-starter-1.5.7.RELEASE.jar;D:\maven\loozb\org\springframework\boot\spring-boot\1.5.7.RELEASE\spring-boot-1.5.7.RELEASE.jar;D:\maven\loozb\org\springframework\spring-context\4.3.11.RELEASE\spring-context-4.3.11.RELEASE.jar;D:\maven\loozb\org\springframework\boot\spring-boot-autoconfigure\1.5.7.RELEASE\spring-boot-autoconfigure-1.5.7.RELEASE.jar;D:\maven\loozb\org\springframework\boot\spring-boot-starter-logging\1.5.7.RELEASE\spring-boot-starter-logging-1.5.7.RELEASE.jar;D:\maven\loozb\ch\qos\logback\logback-classic\1.1.11\logback-classic-1.1.11.jar;D:\maven\loozb\ch\qos\logback\logback-core\1.1.11\logback-core-1.1.11.jar;D:\maven\loozb\org\slf4j\jcl-over-slf4j\1.7.25\jcl-over-slf4j-1.7.25.jar;D:\maven\loozb\org\slf4j\jul-to-slf4j\1.7.25\jul-to-slf4j-1.7.25.jar;D:\maven\loozb\org\slf4j\log4j-over-slf4j\1.7.25\log4j-over-slf4j-1.7.25.jar;D:\maven\loozb\org\springframework\spring-core\4.3.11.RELEASE\spring-core-4.3.11.RELEASE.jar;D:\maven\loozb\org\yaml\snakeyaml\1.17\snakeyaml-1.17.jar;D:\maven\loozb\org\springframework\cloud\spring-cloud-starter-eureka-server\1.1.5.RELEASE\spring-cloud-starter-eureka-server-1.1.5.RELEASE.jar;D:\maven\loozb\org\springframework\cloud\spring-cloud-starter\1.1.1.RELEASE\spring-cloud-starter-1.1.1.RELEASE.jar;D:\maven\loozb\org\springframework\cloud\spring-cloud-context\1.1.1.RELEASE\spring-cloud-context-1.1.1.RELEASE.jar;D:\maven\loozb\org\springframework\security\spring-security-crypto\4.2.3.RELEASE\spring-security-crypto-4.2.3.RELEASE.jar;D:\maven\loozb\org\springframework\cloud\spring-cloud-commons\1.1.1.RELEASE\spring-cloud-commons-1.1.1.RELEASE.jar;D:\maven\loozb\org\springframework\security\spring-security-rsa\1.0.1.RELEASE\spring-security-rsa-1.0.1.RELEASE.jar;D:\maven\loozb\org\bouncycastle\bcpkix-jdk15on\1.47\bcpkix-jdk15on-1.47.jar;D:\maven\loozb\org\bouncycastle\bcprov-jdk15on\1.47\bcprov-jdk15on-1.47.jar;D:\maven\loozb\org\springframework\cloud\spring-cloud-netflix-eureka-server\1.1.5.RELEASE\spring-cloud-netflix-eureka-server-1.1.5.RELEASE.jar;D:\maven\loozb\org\springframework\boot\spring-boot-starter-actuator\1.5.7.RELEASE\spring-boot-starter-actuator-1.5.7.RELEASE.jar;D:\maven\loozb\org\springframework\boot\spring-boot-actuator\1.5.7.RELEASE\spring-boot-actuator-1.5.7.RELEASE.jar;D:\maven\loozb\org\springframework\boot\spring-boot-starter-freemarker\1.5.7.RELEASE\spring-boot-starter-freemarker-1.5.7.RELEASE.jar;D:\maven\loozb\org\freemarker\freemarker\2.3.26-incubating\freemarker-2.3.26-incubating.jar;D:\maven\loozb\org\springframework\spring-context-support\4.3.11.RELEASE\spring-context-support-4.3.11.RELEASE.jar;D:\maven\loozb\org\springframework\cloud\spring-cloud-netflix-core\1.1.5.RELEASE\spring-cloud-netflix-core-1.1.5.RELEASE.jar;D:\maven\loozb\org\springframework\cloud\spring-cloud-netflix-eureka-client\1.1.5.RELEASE\spring-cloud-netflix-eureka-client-1.1.5.RELEASE.jar;D:\maven\loozb\com\netflix\eureka\eureka-client\1.4.10\eureka-client-1.4.10.jar;D:\maven\loozb\org\codehaus\jettison\jettison\1.3.7\jettison-1.3.7.jar;D:\maven\loozb\stax\stax-api\1.0.1\stax-api-1.0.1.jar;D:\maven\loozb\com\netflix\netflix-commons\netflix-eventbus\0.3.0\netflix-eventbus-0.3.0.jar;D:\maven\loozb\javax\ws\rs\jsr311-api\1.1.1\jsr311-api-1.1.1.jar;D:\maven\loozb\com\netflix\servo\servo-core\0.10.1\servo-core-0.10.1.jar;D:\maven\loozb\com\netflix\servo\servo-internal\0.10.1\servo-internal-0.10.1.jar;D:\maven\loozb\com\sun\jersey\jersey-core\1.19.1\jersey-core-1.19.1.jar;D:\maven\loozb\com\sun\jersey\jersey-client\1.19.1\jersey-client-1.19.1.jar;D:\maven\loozb\com\sun\jersey\contribs\jersey-apache-client4\1.19.1\jersey-apache-client4-1.19.1.jar;D:\maven\loozb\org\apache\httpcomponents\httpclient\4.5.3\httpclient-4.5.3.jar;D:\maven\loozb\org\apache\httpcomponents\httpcore\4.4.6\httpcore-4.4.6.jar;D:\maven\loozb\commons-codec\commons-codec\1.10\commons-codec-1.10.jar;D:\maven\loozb\com\google\inject\guice\4.0\guice-4.0.jar;D:\maven\loozb\aopalliance\aopalliance\1.0\aopalliance-1.0.jar;D:\maven\loozb\com\netflix\governator\governator-api\1.12.10\governator-api-1.12.10.jar;D:\maven\loozb\com\sun\jersey\jersey-servlet\1.19.1\jersey-servlet-1.19.1.jar;D:\maven\loozb\com\sun\jersey\jersey-server\1.19.1\jersey-server-1.19.1.jar;D:\maven\loozb\com\netflix\eureka\eureka-core\1.4.10\eureka-core-1.4.10.jar;D:\maven\loozb\com\amazonaws\aws-java-sdk-core\1.11.18\aws-java-sdk-core-1.11.18.jar;D:\maven\loozb\com\fasterxml\jackson\dataformat\jackson-dataformat-cbor\2.8.10\jackson-dataformat-cbor-2.8.10.jar;D:\maven\loozb\com\amazonaws\aws-java-sdk-ec2\1.11.18\aws-java-sdk-ec2-1.11.18.jar;D:\maven\loozb\com\amazonaws\aws-java-sdk-autoscaling\1.11.18\aws-java-sdk-autoscaling-1.11.18.jar;D:\maven\loozb\com\amazonaws\aws-java-sdk-sts\1.11.18\aws-java-sdk-sts-1.11.18.jar;D:\maven\loozb\com\amazonaws\aws-java-sdk-route53\1.11.18\aws-java-sdk-route53-1.11.18.jar;D:\maven\loozb\com\netflix\governator\governator\1.12.10\governator-1.12.10.jar;D:\maven\loozb\com\netflix\governator\governator-core\1.12.10\governator-core-1.12.10.jar;D:\maven\loozb\org\ow2\asm\asm\5.0.4\asm-5.0.4.jar;D:\maven\loozb\org\codehaus\woodstox\woodstox-core-asl\4.4.1\woodstox-core-asl-4.4.1.jar;D:\maven\loozb\javax\xml\stream\stax-api\1.0-2\stax-api-1.0-2.jar;D:\maven\loozb\com\netflix\archaius\archaius-core\0.7.4\archaius-core-0.7.4.jar;D:\maven\loozb\com\google\code\findbugs\jsr305\3.0.1\jsr305-3.0.1.jar;D:\maven\loozb\javax\inject\javax.inject\1\javax.inject-1.jar;D:\maven\loozb\com\fasterxml\jackson\dataformat\jackson-dataformat-xml\2.8.10\jackson-dataformat-xml-2.8.10.jar;D:\maven\loozb\com\fasterxml\jackson\module\jackson-module-jaxb-annotations\2.8.10\jackson-module-jaxb-annotations-2.8.10.jar;D:\maven\loozb\org\codehaus\woodstox\stax2-api\3.1.4\stax2-api-3.1.4.jar;D:\maven\loozb\com\fasterxml\woodstox\woodstox-core\5.0.3\woodstox-core-5.0.3.jar;D:\maven\loozb\com\thoughtworks\xstream\xstream\1.4.2\xstream-1.4.2.jar;D:\maven\loozb\xmlpull\xmlpull\1.1.3.1\xmlpull-1.1.3.1.jar;D:\maven\loozb\xpp3\xpp3_min\1.1.4c\xpp3_min-1.1.4c.jar;D:\maven\loozb\org\springframework\cloud\spring-cloud-starter-archaius\1.1.5.RELEASE\spring-cloud-starter-archaius-1.1.5.RELEASE.jar;D:\maven\loozb\commons-configuration\commons-configuration\1.8\commons-configuration-1.8.jar;D:\maven\loozb\commons-lang\commons-lang\2.6\commons-lang-2.6.jar;D:\maven\loozb\commons-logging\commons-logging\1.1.1\commons-logging-1.1.1.jar;D:\maven\loozb\com\fasterxml\jackson\core\jackson-annotations\2.8.0\jackson-annotations-2.8.0.jar;D:\maven\loozb\com\fasterxml\jackson\core\jackson-core\2.8.10\jackson-core-2.8.10.jar;D:\maven\loozb\com\google\guava\guava\18.0\guava-18.0.jar;D:\maven\loozb\org\springframework\cloud\spring-cloud-starter-ribbon\1.1.5.RELEASE\spring-cloud-starter-ribbon-1.1.5.RELEASE.jar;D:\maven\loozb\com\netflix\ribbon\ribbon\2.2.0\ribbon-2.2.0.jar;D:\maven\loozb\com\netflix\ribbon\ribbon-transport\2.2.0\ribbon-transport-2.2.0.jar;D:\maven\loozb\io\reactivex\rxnetty-contexts\0.4.9\rxnetty-contexts-0.4.9.jar;D:\maven\loozb\io\reactivex\rxnetty-servo\0.4.9\rxnetty-servo-0.4.9.jar;D:\maven\loozb\com\netflix\hystrix\hystrix-core\1.5.3\hystrix-core-1.5.3.jar;D:\maven\loozb\org\hdrhistogram\HdrHistogram\2.1.7\HdrHistogram-2.1.7.jar;D:\maven\loozb\io\reactivex\rxnetty\0.4.9\rxnetty-0.4.9.jar;D:\maven\loozb\io\netty\netty-codec-http\4.0.27.Final\netty-codec-http-4.0.27.Final.jar;D:\maven\loozb\io\netty\netty-codec\4.0.27.Final\netty-codec-4.0.27.Final.jar;D:\maven\loozb\io\netty\netty-handler\4.0.27.Final\netty-handler-4.0.27.Final.jar;D:\maven\loozb\io\netty\netty-transport-native-epoll\4.0.27.Final\netty-transport-native-epoll-4.0.27.Final.jar;D:\maven\loozb\io\netty\netty-common\4.0.27.Final\netty-common-4.0.27.Final.jar;D:\maven\loozb\io\netty\netty-buffer\4.0.27.Final\netty-buffer-4.0.27.Final.jar;D:\maven\loozb\io\netty\netty-transport\4.0.27.Final\netty-transport-4.0.27.Final.jar;D:\maven\loozb\com\netflix\ribbon\ribbon-core\2.2.0\ribbon-core-2.2.0.jar;D:\maven\loozb\com\netflix\ribbon\ribbon-httpclient\2.2.0\ribbon-httpclient-2.2.0.jar;D:\maven\loozb\commons-collections\commons-collections\3.2.2\commons-collections-3.2.2.jar;D:\maven\loozb\com\netflix\netflix-commons\netflix-commons-util\0.1.1\netflix-commons-util-0.1.1.jar;D:\maven\loozb\com\netflix\ribbon\ribbon-loadbalancer\2.2.0\ribbon-loadbalancer-2.2.0.jar;D:\maven\loozb\com\netflix\netflix-commons\netflix-statistics\0.1.1\netflix-statistics-0.1.1.jar;D:\maven\loozb\io\reactivex\rxjava\1.1.5\rxjava-1.1.5.jar;D:\maven\loozb\com\netflix\ribbon\ribbon-eureka\2.2.0\ribbon-eureka-2.2.0.jar;D:\maven\loozb\org\slf4j\slf4j-api\1.7.25\slf4j-api-1.7.25.jar;D:\maven\loozb\org\springframework\boot\spring-boot-starter-web\1.5.7.RELEASE\spring-boot-starter-web-1.5.7.RELEASE.jar;D:\maven\loozb\org\springframework\boot\spring-boot-starter-tomcat\1.5.7.RELEASE\spring-boot-starter-tomcat-1.5.7.RELEASE.jar;D:\maven\loozb\org\apache\tomcat\embed\tomcat-embed-core\8.5.20\tomcat-embed-core-8.5.20.jar;D:\maven\loozb\org\apache\tomcat\embed\tomcat-embed-el\8.5.20\tomcat-embed-el-8.5.20.jar;D:\maven\loozb\org\apache\tomcat\embed\tomcat-embed-websocket\8.5.20\tomcat-embed-websocket-8.5.20.jar;D:\maven\loozb\org\hibernate\hibernate-validator\5.3.5.Final\hibernate-validator-5.3.5.Final.jar;D:\maven\loozb\javax\validation\validation-api\1.1.0.Final\validation-api-1.1.0.Final.jar;D:\maven\loozb\org\jboss\logging\jboss-logging\3.3.1.Final\jboss-logging-3.3.1.Final.jar;D:\maven\loozb\com\fasterxml\classmate\1.3.4\classmate-1.3.4.jar;D:\maven\loozb\com\fasterxml\jackson\core\jackson-databind\2.8.10\jackson-databind-2.8.10.jar;D:\maven\loozb\org\springframework\spring-web\4.3.11.RELEASE\spring-web-4.3.11.RELEASE.jar;D:\maven\loozb\org\springframework\spring-aop\4.3.11.RELEASE\spring-aop-4.3.11.RELEASE.jar;D:\maven\loozb\org\springframework\spring-beans\4.3.11.RELEASE\spring-beans-4.3.11.RELEASE.jar;D:\maven\loozb\org\springframework\spring-webmvc\4.3.11.RELEASE\spring-webmvc-4.3.11.RELEASE.jar;D:\maven\loozb\org\springframework\spring-expression\4.3.11.RELEASE\spring-expression-4.3.11.RELEASE.jar;D:\maven\loozb\org\springframework\boot\spring-boot-starter-test\1.5.7.RELEASE\spring-boot-starter-test-1.5.7.RELEASE.jar;D:\maven\loozb\org\springframework\boot\spring-boot-test\1.5.7.RELEASE\spring-boot-test-1.5.7.RELEASE.jar;D:\maven\loozb\org\springframework\boot\spring-boot-test-autoconfigure\1.5.7.RELEASE\spring-boot-test-autoconfigure-1.5.7.RELEASE.jar;D:\maven\loozb\com\jayway\jsonpath\json-path\2.2.0\json-path-2.2.0.jar;D:\maven\loozb\net\minidev\json-smart\2.2.1\json-smart-2.2.1.jar;D:\maven\loozb\net\minidev\accessors-smart\1.1\accessors-smart-1.1.jar;D:\maven\loozb\junit\junit\4.12\junit-4.12.jar;D:\maven\loozb\org\assertj\assertj-core\2.6.0\assertj-core-2.6.0.jar;D:\maven\loozb\org\mockito\mockito-core\1.10.19\mockito-core-1.10.19.jar;D:\maven\loozb\org\objenesis\objenesis\2.1\objenesis-2.1.jar;D:\maven\loozb\org\hamcrest\hamcrest-core\1.3\hamcrest-core-1.3.jar;D:\maven\loozb\org\hamcrest\hamcrest-library\1.3\hamcrest-library-1.3.jar;D:\maven\loozb\org\skyscreamer\jsonassert\1.4.0\jsonassert-1.4.0.jar;D:\maven\loozb\com\vaadin\external\google\android-json\0.0.20131108.vaadin1\android-json-0.0.20131108.vaadin1.jar;D:\maven\loozb\org\springframework\spring-test\4.3.11.RELEASE\spring-test-4.3.11.RELEASE.jar;, java.specification.name=Java Platform API Specification, java.class.version=52.0, sun.management.compiler=HotSpot 64-Bit Tiered Compilers, os.version=10.0, user.home=C:\Users\chuan, user.timezone=Asia/Shanghai, java.awt.printerjob=sun.awt.windows.WPrinterJob, file.encoding=GBK, java.specification.version=1.8, java.class.path=D:\workspace\springcloud\hello\target\test-classes;D:\workspace\springcloud\hello\target\classes;D:\maven\loozb\org\springframework\boot\spring-boot-starter\1.5.7.RELEASE\spring-boot-starter-1.5.7.RELEASE.jar;D:\maven\loozb\org\springframework\boot\spring-boot\1.5.7.RELEASE\spring-boot-1.5.7.RELEASE.jar;D:\maven\loozb\org\springframework\spring-context\4.3.11.RELEASE\spring-context-4.3.11.RELEASE.jar;D:\maven\loozb\org\springframework\boot\spring-boot-autoconfigure\1.5.7.RELEASE\spring-boot-autoconfigure-1.5.7.RELEASE.jar;D:\maven\loozb\org\springframework\boot\spring-boot-starter-logging\1.5.7.RELEASE\spring-boot-starter-logging-1.5.7.RELEASE.jar;D:\maven\loozb\ch\qos\logback\logback-classic\1.1.11\logback-classic-1.1.11.jar;D:\maven\loozb\ch\qos\logback\logback-core\1.1.11\logback-core-1.1.11.jar;D:\maven\loozb\org\slf4j\jcl-over-slf4j\1.7.25\jcl-over-slf4j-1.7.25.jar;D:\maven\loozb\org\slf4j\jul-to-slf4j\1.7.25\jul-to-slf4j-1.7.25.jar;D:\maven\loozb\org\slf4j\log4j-over-slf4j\1.7.25\log4j-over-slf4j-1.7.25.jar;D:\maven\loozb\org\springframework\spring-core\4.3.11.RELEASE\spring-core-4.3.11.RELEASE.jar;D:\maven\loozb\org\yaml\snakeyaml\1.17\snakeyaml-1.17.jar;D:\maven\loozb\org\springframework\cloud\spring-cloud-starter-eureka-server\1.1.5.RELEASE\spring-cloud-starter-eureka-server-1.1.5.RELEASE.jar;D:\maven\loozb\org\springframework\cloud\spring-cloud-starter\1.1.1.RELEASE\spring-cloud-starter-1.1.1.RELEASE.jar;D:\maven\loozb\org\springframework\cloud\spring-cloud-context\1.1.1.RELEASE\spring-cloud-context-1.1.1.RELEASE.jar;D:\maven\loozb\org\springframework\security\spring-security-crypto\4.2.3.RELEASE\spring-security-crypto-4.2.3.RELEASE.jar;D:\maven\loozb\org\springframework\cloud\spring-cloud-commons\1.1.1.RELEASE\spring-cloud-commons-1.1.1.RELEASE.jar;D:\maven\loozb\org\springframework\security\spring-security-rsa\1.0.1.RELEASE\spring-security-rsa-1.0.1.RELEASE.jar;D:\maven\loozb\org\bouncycastle\bcpkix-jdk15on\1.47\bcpkix-jdk15on-1.47.jar;D:\maven\loozb\org\bouncycastle\bcprov-jdk15on\1.47\bcprov-jdk15on-1.47.jar;D:\maven\loozb\org\springframework\cloud\spring-cloud-netflix-eureka-server\1.1.5.RELEASE\spring-cloud-netflix-eureka-server-1.1.5.RELEASE.jar;D:\maven\loozb\org\springframework\boot\spring-boot-starter-actuator\1.5.7.RELEASE\spring-boot-starter-actuator-1.5.7.RELEASE.jar;D:\maven\loozb\org\springframework\boot\spring-boot-actuator\1.5.7.RELEASE\spring-boot-actuator-1.5.7.RELEASE.jar;D:\maven\loozb\org\springframework\boot\spring-boot-starter-freemarker\1.5.7.RELEASE\spring-boot-starter-freemarker-1.5.7.RELEASE.jar;D:\maven\loozb\org\freemarker\freemarker\2.3.26-incubating\freemarker-2.3.26-incubating.jar;D:\maven\loozb\org\springframework\spring-context-support\4.3.11.RELEASE\spring-context-support-4.3.11.RELEASE.jar;D:\maven\loozb\org\springframework\cloud\spring-cloud-netflix-core\1.1.5.RELEASE\spring-cloud-netflix-core-1.1.5.RELEASE.jar;D:\maven\loozb\org\springframework\cloud\spring-cloud-netflix-eureka-client\1.1.5.RELEASE\spring-cloud-netflix-eureka-client-1.1.5.RELEASE.jar;D:\maven\loozb\com\netflix\eureka\eureka-client\1.4.10\eureka-client-1.4.10.jar;D:\maven\loozb\org\codehaus\jettison\jettison\1.3.7\jettison-1.3.7.jar;D:\maven\loozb\stax\stax-api\1.0.1\stax-api-1.0.1.jar;D:\maven\loozb\com\netflix\netflix-commons\netflix-eventbus\0.3.0\netflix-eventbus-0.3.0.jar;D:\maven\loozb\javax\ws\rs\jsr311-api\1.1.1\jsr311-api-1.1.1.jar;D:\maven\loozb\com\netflix\servo\servo-core\0.10.1\servo-core-0.10.1.jar;D:\maven\loozb\com\netflix\servo\servo-internal\0.10.1\servo-internal-0.10.1.jar;D:\maven\loozb\com\sun\jersey\jersey-core\1.19.1\jersey-core-1.19.1.jar;D:\maven\loozb\com\sun\jersey\jersey-client\1.19.1\jersey-client-1.19.1.jar;D:\maven\loozb\com\sun\jersey\contribs\jersey-apache-client4\1.19.1\jersey-apache-client4-1.19.1.jar;D:\maven\loozb\org\apache\httpcomponents\httpclient\4.5.3\httpclient-4.5.3.jar;D:\maven\loozb\org\apache\httpcomponents\httpcore\4.4.6\httpcore-4.4.6.jar;D:\maven\loozb\commons-codec\commons-codec\1.10\commons-codec-1.10.jar;D:\maven\loozb\com\google\inject\guice\4.0\guice-4.0.jar;D:\maven\loozb\aopalliance\aopalliance\1.0\aopalliance-1.0.jar;D:\maven\loozb\com\netflix\governator\governator-api\1.12.10\governator-api-1.12.10.jar;D:\maven\loozb\com\sun\jersey\jersey-servlet\1.19.1\jersey-servlet-1.19.1.jar;D:\maven\loozb\com\sun\jersey\jersey-server\1.19.1\jersey-server-1.19.1.jar;D:\maven\loozb\com\netflix\eureka\eureka-core\1.4.10\eureka-core-1.4.10.jar;D:\maven\loozb\com\amazonaws\aws-java-sdk-core\1.11.18\aws-java-sdk-core-1.11.18.jar;D:\maven\loozb\com\fasterxml\jackson\dataformat\jackson-dataformat-cbor\2.8.10\jackson-dataformat-cbor-2.8.10.jar;D:\maven\loozb\com\amazonaws\aws-java-sdk-ec2\1.11.18\aws-java-sdk-ec2-1.11.18.jar;D:\maven\loozb\com\amazonaws\aws-java-sdk-autoscaling\1.11.18\aws-java-sdk-autoscaling-1.11.18.jar;D:\maven\loozb\com\amazonaws\aws-java-sdk-sts\1.11.18\aws-java-sdk-sts-1.11.18.jar;D:\maven\loozb\com\amazonaws\aws-java-sdk-route53\1.11.18\aws-java-sdk-route53-1.11.18.jar;D:\maven\loozb\com\netflix\governator\governator\1.12.10\governator-1.12.10.jar;D:\maven\loozb\com\netflix\governator\governator-core\1.12.10\governator-core-1.12.10.jar;D:\maven\loozb\org\ow2\asm\asm\5.0.4\asm-5.0.4.jar;D:\maven\loozb\org\codehaus\woodstox\woodstox-core-asl\4.4.1\woodstox-core-asl-4.4.1.jar;D:\maven\loozb\javax\xml\stream\stax-api\1.0-2\stax-api-1.0-2.jar;D:\maven\loozb\com\netflix\archaius\archaius-core\0.7.4\archaius-core-0.7.4.jar;D:\maven\loozb\com\google\code\findbugs\jsr305\3.0.1\jsr305-3.0.1.jar;D:\maven\loozb\javax\inject\javax.inject\1\javax.inject-1.jar;D:\maven\loozb\com\fasterxml\jackson\dataformat\jackson-dataformat-xml\2.8.10\jackson-dataformat-xml-2.8.10.jar;D:\maven\loozb\com\fasterxml\jackson\module\jackson-module-jaxb-annotations\2.8.10\jackson-module-jaxb-annotations-2.8.10.jar;D:\maven\loozb\org\codehaus\woodstox\stax2-api\3.1.4\stax2-api-3.1.4.jar;D:\maven\loozb\com\fasterxml\woodstox\woodstox-core\5.0.3\woodstox-core-5.0.3.jar;D:\maven\loozb\com\thoughtworks\xstream\xstream\1.4.2\xstream-1.4.2.jar;D:\maven\loozb\xmlpull\xmlpull\1.1.3.1\xmlpull-1.1.3.1.jar;D:\maven\loozb\xpp3\xpp3_min\1.1.4c\xpp3_min-1.1.4c.jar;D:\maven\loozb\org\springframework\cloud\spring-cloud-starter-archaius\1.1.5.RELEASE\spring-cloud-starter-archaius-1.1.5.RELEASE.jar;D:\maven\loozb\commons-configuration\commons-configuration\1.8\commons-configuration-1.8.jar;D:\maven\loozb\commons-lang\commons-lang\2.6\commons-lang-2.6.jar;D:\maven\loozb\commons-logging\commons-logging\1.1.1\commons-logging-1.1.1.jar;D:\maven\loozb\com\fasterxml\jackson\core\jackson-annotations\2.8.0\jackson-annotations-2.8.0.jar;D:\maven\loozb\com\fasterxml\jackson\core\jackson-core\2.8.10\jackson-core-2.8.10.jar;D:\maven\loozb\com\google\guava\guava\18.0\guava-18.0.jar;D:\maven\loozb\org\springframework\cloud\spring-cloud-starter-ribbon\1.1.5.RELEASE\spring-cloud-starter-ribbon-1.1.5.RELEASE.jar;D:\maven\loozb\com\netflix\ribbon\ribbon\2.2.0\ribbon-2.2.0.jar;D:\maven\loozb\com\netflix\ribbon\ribbon-transport\2.2.0\ribbon-transport-2.2.0.jar;D:\maven\loozb\io\reactivex\rxnetty-contexts\0.4.9\rxnetty-contexts-0.4.9.jar;D:\maven\loozb\io\reactivex\rxnetty-servo\0.4.9\rxnetty-servo-0.4.9.jar;D:\maven\loozb\com\netflix\hystrix\hystrix-core\1.5.3\hystrix-core-1.5.3.jar;D:\maven\loozb\org\hdrhistogram\HdrHistogram\2.1.7\HdrHistogram-2.1.7.jar;D:\maven\loozb\io\reactivex\rxnetty\0.4.9\rxnetty-0.4.9.jar;D:\maven\loozb\io\netty\netty-codec-http\4.0.27.Final\netty-codec-http-4.0.27.Final.jar;D:\maven\loozb\io\netty\netty-codec\4.0.27.Final\netty-codec-4.0.27.Final.jar;D:\maven\loozb\io\netty\netty-handler\4.0.27.Final\netty-handler-4.0.27.Final.jar;D:\maven\loozb\io\netty\netty-transport-native-epoll\4.0.27.Final\netty-transport-native-epoll-4.0.27.Final.jar;D:\maven\loozb\io\netty\netty-common\4.0.27.Final\netty-common-4.0.27.Final.jar;D:\maven\loozb\io\netty\netty-buffer\4.0.27.Final\netty-buffer-4.0.27.Final.jar;D:\maven\loozb\io\netty\netty-transport\4.0.27.Final\netty-transport-4.0.27.Final.jar;D:\maven\loozb\com\netflix\ribbon\ribbon-core\2.2.0\ribbon-core-2.2.0.jar;D:\maven\loozb\com\netflix\ribbon\ribbon-httpclient\2.2.0\ribbon-httpclient-2.2.0.jar;D:\maven\loozb\commons-collections\commons-collections\3.2.2\commons-collections-3.2.2.jar;D:\maven\loozb\com\netflix\netflix-commons\netflix-commons-util\0.1.1\netflix-commons-util-0.1.1.jar;D:\maven\loozb\com\netflix\ribbon\ribbon-loadbalancer\2.2.0\ribbon-loadbalancer-2.2.0.jar;D:\maven\loozb\com\netflix\netflix-commons\netflix-statistics\0.1.1\netflix-statistics-0.1.1.jar;D:\maven\loozb\io\reactivex\rxjava\1.1.5\rxjava-1.1.5.jar;D:\maven\loozb\com\netflix\ribbon\ribbon-eureka\2.2.0\ribbon-eureka-2.2.0.jar;D:\maven\loozb\org\slf4j\slf4j-api\1.7.25\slf4j-api-1.7.25.jar;D:\maven\loozb\org\springframework\boot\spring-boot-starter-web\1.5.7.RELEASE\spring-boot-starter-web-1.5.7.RELEASE.jar;D:\maven\loozb\org\springframework\boot\spring-boot-starter-tomcat\1.5.7.RELEASE\spring-boot-starter-tomcat-1.5.7.RELEASE.jar;D:\maven\loozb\org\apache\tomcat\embed\tomcat-embed-core\8.5.20\tomcat-embed-core-8.5.20.jar;D:\maven\loozb\org\apache\tomcat\embed\tomcat-embed-el\8.5.20\tomcat-embed-el-8.5.20.jar;D:\maven\loozb\org\apache\tomcat\embed\tomcat-embed-websocket\8.5.20\tomcat-embed-websocket-8.5.20.jar;D:\maven\loozb\org\hibernate\hibernate-validator\5.3.5.Final\hibernate-validator-5.3.5.Final.jar;D:\maven\loozb\javax\validation\validation-api\1.1.0.Final\validation-api-1.1.0.Final.jar;D:\maven\loozb\org\jboss\logging\jboss-logging\3.3.1.Final\jboss-logging-3.3.1.Final.jar;D:\maven\loozb\com\fasterxml\classmate\1.3.4\classmate-1.3.4.jar;D:\maven\loozb\com\fasterxml\jackson\core\jackson-databind\2.8.10\jackson-databind-2.8.10.jar;D:\maven\loozb\org\springframework\spring-web\4.3.11.RELEASE\spring-web-4.3.11.RELEASE.jar;D:\maven\loozb\org\springframework\spring-aop\4.3.11.RELEASE\spring-aop-4.3.11.RELEASE.jar;D:\maven\loozb\org\springframework\spring-beans\4.3.11.RELEASE\spring-beans-4.3.11.RELEASE.jar;D:\maven\loozb\org\springframework\spring-webmvc\4.3.11.RELEASE\spring-webmvc-4.3.11.RELEASE.jar;D:\maven\loozb\org\springframework\spring-expression\4.3.11.RELEASE\spring-expression-4.3.11.RELEASE.jar;D:\maven\loozb\org\springframework\boot\spring-boot-starter-test\1.5.7.RELEASE\spring-boot-starter-test-1.5.7.RELEASE.jar;D:\maven\loozb\org\springframework\boot\spring-boot-test\1.5.7.RELEASE\spring-boot-test-1.5.7.RELEASE.jar;D:\maven\loozb\org\springframework\boot\spring-boot-test-autoconfigure\1.5.7.RELEASE\spring-boot-test-autoconfigure-1.5.7.RELEASE.jar;D:\maven\loozb\com\jayway\jsonpath\json-path\2.2.0\json-path-2.2.0.jar;D:\maven\loozb\net\minidev\json-smart\2.2.1\json-smart-2.2.1.jar;D:\maven\loozb\net\minidev\accessors-smart\1.1\accessors-smart-1.1.jar;D:\maven\loozb\junit\junit\4.12\junit-4.12.jar;D:\maven\loozb\org\assertj\assertj-core\2.6.0\assertj-core-2.6.0.jar;D:\maven\loozb\org\mockito\mockito-core\1.10.19\mockito-core-1.10.19.jar;D:\maven\loozb\org\objenesis\objenesis\2.1\objenesis-2.1.jar;D:\maven\loozb\org\hamcrest\hamcrest-core\1.3\hamcrest-core-1.3.jar;D:\maven\loozb\org\hamcrest\hamcrest-library\1.3\hamcrest-library-1.3.jar;D:\maven\loozb\org\skyscreamer\jsonassert\1.4.0\jsonassert-1.4.0.jar;D:\maven\loozb\com\vaadin\external\google\android-json\0.0.20131108.vaadin1\android-json-0.0.20131108.vaadin1.jar;D:\maven\loozb\org\springframework\spring-test\4.3.11.RELEASE\spring-test-4.3.11.RELEASE.jar;, user.name=chuan, java.vm.specification.version=1.8, sun.java.command=D:\workspace\springcloud\hello\target\surefire\surefirebooter984111135059838619.jar D:\workspace\springcloud\hello\target\surefire\surefire3840042811080038034tmp D:\workspace\springcloud\hello\target\surefire\surefire_08966574496304626752tmp, java.home=D:\Java\jdk1.8.0_121\jre, sun.arch.data.model=64, user.language=zh, java.specification.vendor=Oracle Corporation, awt.toolkit=sun.awt.windows.WToolkit, java.vm.info=mixed mode, java.version=1.8.0_121, java.ext.dirs=D:\Java\jdk1.8.0_121\jre\lib\ext;C:\WINDOWS\Sun\Java\lib\ext, sun.boot.class.path=D:\Java\jdk1.8.0_121\jre\lib\resources.jar;D:\Java\jdk1.8.0_121\jre\lib\rt.jar;D:\Java\jdk1.8.0_121\jre\lib\sunrsasign.jar;D:\Java\jdk1.8.0_121\jre\lib\jsse.jar;D:\Java\jdk1.8.0_121\jre\lib\jce.jar;D:\Java\jdk1.8.0_121\jre\lib\charsets.jar;D:\Java\jdk1.8.0_121\jre\lib\jfr.jar;D:\Java\jdk1.8.0_121\jre\classes, java.vendor=Oracle Corporation, localRepository=D:\maven\loozb, file.separator=\, java.vendor.url.bug=http://bugreport.sun.com/bugreport/, sun.io.unicode.encoding=UnicodeLittle, sun.cpu.endian=little, sun.desktop=windows, sun.cpu.isalist=amd64}}, SystemEnvironmentPropertySource@333683827 {name='systemEnvironment', properties={PATH=e:\oracle\product\11.2.0\dbhome_1\bin;C:\Program Files (x86)\Common Files\NetSarang;C:\ProgramData\Oracle\Java\javapath;C:\Windows\system32;C:\Windows;C:\Windows\System32\Wbem;C:\Windows\System32\WindowsPowerShell\v1.0\;C:\Program Files (x86)\NVIDIA Corporation\PhysX\Common;C:\Program Files\Intel\WiFi\bin\;C:\Program Files\Common Files\Intel\WirelessCommon\;C:\Program Files\Redis\;C:\Program Files\nodejs\;C:\Program Files\Git\cmd;C:\WINDOWS\system32;C:\WINDOWS;C:\WINDOWS\System32\Wbem;C:\WINDOWS\System32\WindowsPowerShell\v1.0\;C:\Program Files\TortoiseSVN\bin;C:\Program Files\MySQL\MySQL Server 5.5\bin;C:\Program Files\Java\jdk1.8.0_121\bin;C:\Program Files\Java\jdk1.8.0_121\jre\bin;D:\maven\apache-maven-3.3.9/bin;C:\Users\chuan\AppData\Roaming\npm;C:\Program Files (x86)\Microsoft VS Code\bin, USERDOMAIN_ROAMINGPROFILE=LONGZHAOBI, LOCALAPPDATA=C:\Users\chuan\AppData\Local, PROCESSOR_LEVEL=6, SYSTEMDRIVE=C:, COMMONPROGRAMFILES(X86)=C:\Program Files (x86)\Common Files, USERDOMAIN=LONGZHAOBI, LOGONSERVER=\\LONGZHAOBI, JAVA_HOME=C:\Program Files\Java\jdk1.8.0_121, PROMPT=$P$G, SESSIONNAME=Console, ALLUSERSPROFILE=C:\ProgramData, PROGRAMFILES(X86)=C:\Program Files (x86), ASL.LOG=Destination=file, PROCESSOR_ARCHITECTURE=AMD64, TNS_ADMIN=D:\oracle\chuan\product\11.2.0\dbhome_1\NETWORK\ADMIN, __COMPAT_LAYER=HighDpiAware Win8RTM, MAVEN_HOME=D:\maven\apache-maven-3.3.9, PROGRAMFILES=C:\Program Files, APPDATA=C:\Users\chuan\AppData\Roaming, PSMODULEPATH=C:\Program Files\WindowsPowerShell\Modules;C:\WINDOWS\system32\WindowsPowerShell\v1.0\Modules, PROGRAMW6432=C:\Program Files, PROGRAMDATA=C:\ProgramData, SYSTEMROOT=C:\WINDOWS, USERNAME=chuan, NODE_PATH=C:\Users\chuan\AppData\Roaming\npm\node_modules, ONEDRIVE=C:\Users\chuan\OneDrive, PATHEXT=.COM;.EXE;.BAT;.CMD;.VBS;.VBE;.JS;.JSE;.WSF;.WSH;.MSC, OS=Windows_NT, COMMONPROGRAMW6432=C:\Program Files\Common Files, COMPUTERNAME=LONGZHAOBI, COMMONPROGRAMFILES=C:\Program Files\Common Files, COMSPEC=C:\WINDOWS\system32\cmd.exe, PROCESSOR_REVISION=4e03, CLASSPATH=.;C:\Program Files\Java\jdk1.8.0_121\lib\dt.jar;C:\Program Files\Java\jdk1.8.0_121\lib\tools.jar;, NLS_LANG=SIMPLIFIED CHINESE_CHINA.ZHS16GBK, WINDIR=C:\WINDOWS, =D:=D:\workspace\springcloud\hello, HOMEPATH=\Users\chuan, TEMP=C:\Users\chuan\AppData\Local\Temp, HOMEDRIVE=C:, PROCESSOR_IDENTIFIER=Intel64 Family 6 Model 78 Stepping 3, GenuineIntel, USERPROFILE=C:\Users\chuan, TMP=C:\Users\chuan\AppData\Local\Temp, PUBLIC=C:\Users\Public, NUMBER_OF_PROCESSORS=4, VBOX_INSTALL_PATH=C:\Program Files\Docker Toolbox\, =::=::\}}]
14:40:58.980 [main] DEBUG org.springframework.core.env.MutablePropertySources - Adding PropertySource 'inline' with highest search precedence
14:40:58.980 [main] DEBUG org.springframework.test.context.support.TestPropertySourceUtils - Adding inlined properties to environment: {spring.jmx.enabled=false, org.springframework.boot.test.context.SpringBootTestContextBootstrapper=true, server.port=-1}
14:40:58.980 [main] DEBUG org.springframework.core.env.StandardEnvironment - Adding PropertySource 'Inlined Test Properties' with highest search precedence
2017-09-21 14:41:00.495  INFO 12056 --- [           main] s.c.a.AnnotationConfigApplicationContext : Refreshing org.springframework.context.annotation.AnnotationConfigApplicationContext@644baf4a: startup date [Thu Sep 21 14:41:00 CST 2017]; root of context hierarchy
2017-09-21 14:41:01.089  INFO 12056 --- [           main] f.a.AutowiredAnnotationBeanPostProcessor : JSR-330 'javax.inject.Inject' annotation found and supported for autowiring
2017-09-21 14:41:01.199  INFO 12056 --- [           main] trationDelegate$BeanPostProcessorChecker : Bean 'configurationPropertiesRebinderAutoConfiguration' of type [org.springframework.cloud.autoconfigure.ConfigurationPropertiesRebinderAutoConfiguration$$EnhancerBySpringCGLIB$$1bfb0f34] is not eligible for getting processed by all BeanPostProcessors (for example: not eligible for auto-proxying)

  .   ____          _            __ _ _
 /\\ / ___'_ __ _ _(_)_ __  __ _ \ \ \ \
( ( )\___ | '_ | '_| | '_ \/ _` | \ \ \ \
 \\/  ___)| |_)| | | | | || (_| |  ) ) ) )
  '  |____| .__|_| |_|_| |_\__, | / / / /
 =========|_|==============|___/=/_/_/_/
 :: Spring Boot ::        (v1.5.7.RELEASE)

2017-09-21 14:41:02.635  INFO 12056 --- [           main] com.spring.hello.HelloApplicationTests   : No active profile set, falling back to default profiles: default
2017-09-21 14:41:02.635  INFO 12056 --- [           main] o.s.w.c.s.GenericWebApplicationContext   : Refreshing org.springframework.web.context.support.GenericWebApplicationContext@71b3bc45: startup date [Thu Sep 21 14:41:02 CST 2017]; parent: org.springframework.context.annotation.AnnotationConfigApplicationContext@644baf4a
2017-09-21 14:41:04.198  INFO 12056 --- [           main] o.s.cloud.context.scope.GenericScope     : BeanFactory id=65518270-d0d1-37e9-b81c-d680cbbca0e7
2017-09-21 14:41:04.307  INFO 12056 --- [           main] f.a.AutowiredAnnotationBeanPostProcessor : JSR-330 'javax.inject.Inject' annotation found and supported for autowiring
2017-09-21 14:41:04.416  INFO 12056 --- [           main] trationDelegate$BeanPostProcessorChecker : Bean 'org.springframework.cloud.autoconfigure.ConfigurationPropertiesRebinderAutoConfiguration' of type [org.springframework.cloud.autoconfigure.ConfigurationPropertiesRebinderAutoConfiguration$$EnhancerBySpringCGLIB$$1bfb0f34] is not eligible for getting processed by all BeanPostProcessors (for example: not eligible for auto-proxying)
2017-09-21 14:41:06.235  INFO 12056 --- [           main] s.w.s.m.m.a.RequestMappingHandlerAdapter : Looking for @ControllerAdvice: org.springframework.web.context.support.GenericWebApplicationContext@71b3bc45: startup date [Thu Sep 21 14:41:02 CST 2017]; parent: org.springframework.context.annotation.AnnotationConfigApplicationContext@644baf4a
2017-09-21 14:41:06.391  INFO 12056 --- [           main] s.w.s.m.m.a.RequestMappingHandlerMapping : Mapped "{[/hello],methods=[GET]}" onto public java.lang.String com.spring.hello.web.HelloController.index()
2017-09-21 14:41:06.407  INFO 12056 --- [           main] s.w.s.m.m.a.RequestMappingHandlerMapping : Mapped "{[/error]}" onto public org.springframework.http.ResponseEntity<java.util.Map<java.lang.String, java.lang.Object>> org.springframework.boot.autoconfigure.web.BasicErrorController.error(javax.servlet.http.HttpServletRequest)
2017-09-21 14:41:06.407  INFO 12056 --- [           main] s.w.s.m.m.a.RequestMappingHandlerMapping : Mapped "{[/error],produces=[text/html]}" onto public org.springframework.web.servlet.ModelAndView org.springframework.boot.autoconfigure.web.BasicErrorController.errorHtml(javax.servlet.http.HttpServletRequest,javax.servlet.http.HttpServletResponse)
2017-09-21 14:41:06.438  INFO 12056 --- [           main] o.s.w.s.handler.SimpleUrlHandlerMapping  : Mapped URL path [/webjars/**] onto handler of type [class org.springframework.web.servlet.resource.ResourceHttpRequestHandler]
2017-09-21 14:41:06.438  INFO 12056 --- [           main] o.s.w.s.handler.SimpleUrlHandlerMapping  : Mapped URL path [/**] onto handler of type [class org.springframework.web.servlet.resource.ResourceHttpRequestHandler]
2017-09-21 14:41:06.547  INFO 12056 --- [           main] o.s.w.s.handler.SimpleUrlHandlerMapping  : Mapped URL path [/**/favicon.ico] onto handler of type [class org.springframework.web.servlet.resource.ResourceHttpRequestHandler]
2017-09-21 14:41:07.282  INFO 12056 --- [           main] o.s.b.a.e.mvc.EndpointHandlerMapping     : Mapped "{[/pause || /pause.json],methods=[POST]}" onto public java.lang.Object org.springframework.cloud.endpoint.GenericPostableMvcEndpoint.invoke()
2017-09-21 14:41:07.282  INFO 12056 --- [           main] o.s.b.a.e.mvc.EndpointHandlerMapping     : Mapped "{[/restart || /restart.json],methods=[POST]}" onto public java.lang.Object org.springframework.cloud.context.restart.RestartMvcEndpoint.invoke()
2017-09-21 14:41:07.282  INFO 12056 --- [           main] o.s.b.a.e.mvc.EndpointHandlerMapping     : Mapped "{[/env],methods=[POST]}" onto public java.lang.Object org.springframework.cloud.context.environment.EnvironmentManagerMvcEndpoint.value(java.util.Map<java.lang.String, java.lang.String>)
2017-09-21 14:41:07.282  INFO 12056 --- [           main] o.s.b.a.e.mvc.EndpointHandlerMapping     : Mapped "{[/env/reset],methods=[POST]}" onto public java.util.Map<java.lang.String, java.lang.Object> org.springframework.cloud.context.environment.EnvironmentManagerMvcEndpoint.reset()
2017-09-21 14:41:07.297  INFO 12056 --- [           main] o.s.b.a.e.mvc.EndpointHandlerMapping     : Mapped "{[/auditevents || /auditevents.json],methods=[GET],produces=[application/vnd.spring-boot.actuator.v1+json || application/json]}" onto public org.springframework.http.ResponseEntity<?> org.springframework.boot.actuate.endpoint.mvc.AuditEventsMvcEndpoint.findByPrincipalAndAfterAndType(java.lang.String,java.util.Date,java.lang.String)
2017-09-21 14:41:07.297  INFO 12056 --- [           main] o.s.b.a.e.mvc.EndpointHandlerMapping     : Mapped "{[/features || /features.json],methods=[GET],produces=[application/vnd.spring-boot.actuator.v1+json || application/json]}" onto public java.lang.Object org.springframework.boot.actuate.endpoint.mvc.EndpointMvcAdapter.invoke()
2017-09-21 14:41:07.297  INFO 12056 --- [           main] o.s.b.a.e.mvc.EndpointHandlerMapping     : Mapped "{[/configprops || /configprops.json],methods=[GET],produces=[application/vnd.spring-boot.actuator.v1+json || application/json]}" onto public java.lang.Object org.springframework.boot.actuate.endpoint.mvc.EndpointMvcAdapter.invoke()
2017-09-21 14:41:07.297  INFO 12056 --- [           main] o.s.b.a.e.mvc.EndpointHandlerMapping     : Mapped "{[/heapdump || /heapdump.json],methods=[GET],produces=[application/octet-stream]}" onto public void org.springframework.boot.actuate.endpoint.mvc.HeapdumpMvcEndpoint.invoke(boolean,javax.servlet.http.HttpServletRequest,javax.servlet.http.HttpServletResponse) throws java.io.IOException,javax.servlet.ServletException
2017-09-21 14:41:07.297  INFO 12056 --- [           main] o.s.b.a.e.mvc.EndpointHandlerMapping     : Mapped "{[/metrics/{name:.*}],methods=[GET],produces=[application/vnd.spring-boot.actuator.v1+json || application/json]}" onto public java.lang.Object org.springframework.boot.actuate.endpoint.mvc.MetricsMvcEndpoint.value(java.lang.String)
2017-09-21 14:41:07.297  INFO 12056 --- [           main] o.s.b.a.e.mvc.EndpointHandlerMapping     : Mapped "{[/metrics || /metrics.json],methods=[GET],produces=[application/vnd.spring-boot.actuator.v1+json || application/json]}" onto public java.lang.Object org.springframework.boot.actuate.endpoint.mvc.EndpointMvcAdapter.invoke()
2017-09-21 14:41:07.297  INFO 12056 --- [           main] o.s.b.a.e.mvc.EndpointHandlerMapping     : Mapped "{[/autoconfig || /autoconfig.json],methods=[GET],produces=[application/vnd.spring-boot.actuator.v1+json || application/json]}" onto public java.lang.Object org.springframework.boot.actuate.endpoint.mvc.EndpointMvcAdapter.invoke()
2017-09-21 14:41:07.297  INFO 12056 --- [           main] o.s.b.a.e.mvc.EndpointHandlerMapping     : Mapped "{[/health || /health.json],methods=[GET],produces=[application/vnd.spring-boot.actuator.v1+json || application/json]}" onto public java.lang.Object org.springframework.boot.actuate.endpoint.mvc.HealthMvcEndpoint.invoke(javax.servlet.http.HttpServletRequest,java.security.Principal)
2017-09-21 14:41:07.297  INFO 12056 --- [           main] o.s.b.a.e.mvc.EndpointHandlerMapping     : Mapped "{[/refresh || /refresh.json],methods=[POST]}" onto public java.lang.Object org.springframework.cloud.endpoint.GenericPostableMvcEndpoint.invoke()
2017-09-21 14:41:07.297  INFO 12056 --- [           main] o.s.b.a.e.mvc.EndpointHandlerMapping     : Mapped "{[/env/{name:.*}],methods=[GET],produces=[application/vnd.spring-boot.actuator.v1+json || application/json]}" onto public java.lang.Object org.springframework.boot.actuate.endpoint.mvc.EnvironmentMvcEndpoint.value(java.lang.String)
2017-09-21 14:41:07.297  INFO 12056 --- [           main] o.s.b.a.e.mvc.EndpointHandlerMapping     : Mapped "{[/env || /env.json],methods=[GET],produces=[application/vnd.spring-boot.actuator.v1+json || application/json]}" onto public java.lang.Object org.springframework.boot.actuate.endpoint.mvc.EndpointMvcAdapter.invoke()
2017-09-21 14:41:07.297  INFO 12056 --- [           main] o.s.b.a.e.mvc.EndpointHandlerMapping     : Mapped "{[/dump || /dump.json],methods=[GET],produces=[application/vnd.spring-boot.actuator.v1+json || application/json]}" onto public java.lang.Object org.springframework.boot.actuate.endpoint.mvc.EndpointMvcAdapter.invoke()
2017-09-21 14:41:07.297  INFO 12056 --- [           main] o.s.b.a.e.mvc.EndpointHandlerMapping     : Mapped "{[/trace || /trace.json],methods=[GET],produces=[application/vnd.spring-boot.actuator.v1+json || application/json]}" onto public java.lang.Object org.springframework.boot.actuate.endpoint.mvc.EndpointMvcAdapter.invoke()
2017-09-21 14:41:07.297  INFO 12056 --- [           main] o.s.b.a.e.mvc.EndpointHandlerMapping     : Mapped "{[/archaius || /archaius.json],methods=[GET],produces=[application/vnd.spring-boot.actuator.v1+json || application/json]}" onto public java.lang.Object org.springframework.boot.actuate.endpoint.mvc.EndpointMvcAdapter.invoke()
2017-09-21 14:41:07.297  INFO 12056 --- [           main] o.s.b.a.e.mvc.EndpointHandlerMapping     : Mapped "{[/resume || /resume.json],methods=[POST]}" onto public java.lang.Object org.springframework.cloud.endpoint.GenericPostableMvcEndpoint.invoke()
2017-09-21 14:41:07.297  INFO 12056 --- [           main] o.s.b.a.e.mvc.EndpointHandlerMapping     : Mapped "{[/info || /info.json],methods=[GET],produces=[application/vnd.spring-boot.actuator.v1+json || application/json]}" onto public java.lang.Object org.springframework.boot.actuate.endpoint.mvc.EndpointMvcAdapter.invoke()
2017-09-21 14:41:07.313  INFO 12056 --- [           main] o.s.b.a.e.mvc.EndpointHandlerMapping     : Mapped "{[/loggers/{name:.*}],methods=[GET],produces=[application/vnd.spring-boot.actuator.v1+json || application/json]}" onto public java.lang.Object org.springframework.boot.actuate.endpoint.mvc.LoggersMvcEndpoint.get(java.lang.String)
2017-09-21 14:41:07.313  INFO 12056 --- [           main] o.s.b.a.e.mvc.EndpointHandlerMapping     : Mapped "{[/loggers/{name:.*}],methods=[POST],consumes=[application/vnd.spring-boot.actuator.v1+json || application/json],produces=[application/vnd.spring-boot.actuator.v1+json || application/json]}" onto public java.lang.Object org.springframework.boot.actuate.endpoint.mvc.LoggersMvcEndpoint.set(java.lang.String,java.util.Map<java.lang.String, java.lang.String>)
2017-09-21 14:41:07.313  INFO 12056 --- [           main] o.s.b.a.e.mvc.EndpointHandlerMapping     : Mapped "{[/loggers || /loggers.json],methods=[GET],produces=[application/vnd.spring-boot.actuator.v1+json || application/json]}" onto public java.lang.Object org.springframework.boot.actuate.endpoint.mvc.EndpointMvcAdapter.invoke()
2017-09-21 14:41:07.313  INFO 12056 --- [           main] o.s.b.a.e.mvc.EndpointHandlerMapping     : Mapped "{[/mappings || /mappings.json],methods=[GET],produces=[application/vnd.spring-boot.actuator.v1+json || application/json]}" onto public java.lang.Object org.springframework.boot.actuate.endpoint.mvc.EndpointMvcAdapter.invoke()
2017-09-21 14:41:07.313  INFO 12056 --- [           main] o.s.b.a.e.mvc.EndpointHandlerMapping     : Mapped "{[/beans || /beans.json],methods=[GET],produces=[application/vnd.spring-boot.actuator.v1+json || application/json]}" onto public java.lang.Object org.springframework.boot.actuate.endpoint.mvc.EndpointMvcAdapter.invoke()
2017-09-21 14:41:07.662  INFO 12056 --- [           main] o.s.ui.freemarker.SpringTemplateLoader   : SpringTemplateLoader for FreeMarker: using resource loader [org.springframework.web.context.support.GenericWebApplicationContext@71b3bc45: startup date [Thu Sep 21 14:41:02 CST 2017]; parent: org.springframework.context.annotation.AnnotationConfigApplicationContext@644baf4a] and template loader path [classpath:/templates/]
2017-09-21 14:41:07.662  INFO 12056 --- [           main] o.s.w.s.v.f.FreeMarkerConfigurer         : ClassTemplateLoader for Spring macros added to FreeMarker configuration
2017-09-21 14:41:07.834  WARN 12056 --- [           main] c.n.c.sources.URLConfigurationSource     : No URLs will be polled as dynamic configuration sources.
2017-09-21 14:41:07.834  INFO 12056 --- [           main] c.n.c.sources.URLConfigurationSource     : To enable URLs as dynamic configuration sources, define System property archaius.configurationSource.additionalUrls or make config.properties available on classpath.
2017-09-21 14:41:07.849  WARN 12056 --- [           main] c.n.c.sources.URLConfigurationSource     : No URLs will be polled as dynamic configuration sources.
2017-09-21 14:41:07.849  INFO 12056 --- [           main] c.n.c.sources.URLConfigurationSource     : To enable URLs as dynamic configuration sources, define System property archaius.configurationSource.additionalUrls or make config.properties available on classpath.
2017-09-21 14:41:08.254  INFO 12056 --- [           main] o.s.c.support.DefaultLifecycleProcessor  : Starting beans in phase 0
2017-09-21 14:41:08.301  INFO 12056 --- [           main] com.spring.hello.HelloApplicationTests   : Started HelloApplicationTests in 9.29 seconds (JVM running for 10.342)
2017-09-21 14:41:08.410  INFO 12056 --- [           main] ilder$StaticRequestMappingHandlerMapping : Mapped "{[/hello],methods=[GET]}" onto public java.lang.String com.spring.hello.web.HelloController.index()
2017-09-21 14:41:08.441  INFO 12056 --- [           main] s.w.s.m.m.a.RequestMappingHandlerAdapter : Looking for @ControllerAdvice: org.springframework.test.web.servlet.setup.StubWebApplicationContext@5b8572df
2017-09-21 14:41:08.472  INFO 12056 --- [           main] o.s.mock.web.MockServletContext          : Initializing Spring FrameworkServlet ''
2017-09-21 14:41:08.472  INFO 12056 --- [           main] o.s.t.web.servlet.TestDispatcherServlet  : FrameworkServlet '': initialization started
2017-09-21 14:41:08.472  INFO 12056 --- [           main] o.s.t.web.servlet.TestDispatcherServlet  : FrameworkServlet '': initialization completed in 0 ms
]]></system-out>
  </testcase>
</testsuite>